# JRE version: Java(TM) SE Runtime Environment (19.0.1+10) (build 19.0.1+10-21)
# Java VM: Java HotSpot(TM) 64-Bit Server VM (19.0.1+10-21, mixed mode, sharing, tiered, compressed oops, compressed class ptrs, g1 gc, windows-amd64)
GC Precious Log:
 CardTable entry size: 512
 Card Set container configuration: InlinePtr #cards 4 size 8 Array Of Cards #cards 16 size 48 Howl #buckets 8 coarsen threshold 3686 Howl Bitmap #cards 512 size 80 coarsen threshold 460 Card regions per heap region 1 cards per card region 4096
 CPUs: 12 total, 12 available
 Memory: 16166M
 Large Page Support: Disabled
 NUMA Support: Disabled
 Compressed Oops: Enabled (Zero based)
 Heap Region Size: 2M
 Heap Min Capacity: 8M
 Heap Initial Capacity: 254M
 Heap Max Capacity: 4042M
 Pre-touch: Disabled
 Parallel Workers: 10
 Concurrent Workers: 3
 Concurrent Refinement Workers: 10
 Periodic GC: Disabled
Heap:
 garbage-first heap   total 178176K, used 72716K [0x0000000703600000, 0x0000000800000000)
  region size 2048K, 6 young (12288K), 1 survivors (2048K)
 Metaspace       used 30983K, committed 31424K, reserved 1114112K
  class space    used 3908K, committed 4096K, reserved 1048576K
GC Heap History (20 events):
Event: 94.002 GC heap before
{Heap before GC invocations=64 (full 0):
 garbage-first heap   total 178176K, used 150602K [0x0000000703600000, 0x0000000800000000)
  region size 2048K, 43 young (88064K), 1 survivors (2048K)
 Metaspace       used 30840K, committed 31296K, reserved 1114112K
  class space    used 3895K, committed 4096K, reserved 1048576K
}
Event: 94.004 GC heap after
{Heap after GC invocations=65 (full 0):
 garbage-first heap   total 178176K, used 66667K [0x0000000703600000, 0x0000000800000000)
  region size 2048K, 1 young (2048K), 1 survivors (2048K)
 Metaspace       used 30840K, committed 31296K, reserved 1114112K
  class space    used 3895K, committed 4096K, reserved 1048576K
}
Event: 95.432 GC heap before
{Heap before GC invocations=65 (full 0):
 garbage-first heap   total 178176K, used 150635K [0x0000000703600000, 0x0000000800000000)
  region size 2048K, 43 young (88064K), 1 survivors (2048K)
 Metaspace       used 30840K, committed 31296K, reserved 1114112K
  class space    used 3895K, committed 4096K, reserved 1048576K
}
Event: 95.434 GC heap after
{Heap after GC invocations=66 (full 0):
 garbage-first heap   total 178176K, used 66666K [0x0000000703600000, 0x0000000800000000)
  region size 2048K, 1 young (2048K), 1 survivors (2048K)
 Metaspace       used 30840K, committed 31296K, reserved 1114112K
  class space    used 3895K, committed 4096K, reserved 1048576K
}
Event: 96.856 GC heap before
{Heap before GC invocations=66 (full 0):
 garbage-first heap   total 178176K, used 150634K [0x0000000703600000, 0x0000000800000000)
  region size 2048K, 43 young (88064K), 1 survivors (2048K)
 Metaspace       used 30840K, committed 31296K, reserved 1114112K
  class space    used 3895K, committed 4096K, reserved 1048576K
}
Event: 96.858 GC heap after
{Heap after GC invocations=67 (full 0):
 garbage-first heap   total 178176K, used 66675K [0x0000000703600000, 0x0000000800000000)
  region size 2048K, 1 young (2048K), 1 survivors (2048K)
 Metaspace       used 30840K, committed 31296K, reserved 1114112K
  class space    used 3895K, committed 4096K, reserved 1048576K
}
Event: 98.258 GC heap before
{Heap before GC invocations=67 (full 0):
 garbage-first heap   total 178176K, used 150643K [0x0000000703600000, 0x0000000800000000)
  region size 2048K, 43 young (88064K), 1 survivors (2048K)
 Metaspace       used 30843K, committed 31296K, reserved 1114112K
  class space    used 3895K, committed 4096K, reserved 1048576K
}
Event: 98.260 GC heap after
{Heap after GC invocations=68 (full 0):
 garbage-first heap   total 178176K, used 66692K [0x0000000703600000, 0x0000000800000000)
  region size 2048K, 1 young (2048K), 1 survivors (2048K)
 Metaspace       used 30843K, committed 31296K, reserved 1114112K
  class space    used 3895K, committed 4096K, reserved 1048576K
}
Event: 99.714 GC heap before
{Heap before GC invocations=68 (full 0):
 garbage-first heap   total 178176K, used 152708K [0x0000000703600000, 0x0000000800000000)
  region size 2048K, 44 young (90112K), 1 survivors (2048K)
 Metaspace       used 30843K, committed 31296K, reserved 1114112K
  class space    used 3895K, committed 4096K, reserved 1048576K
}
Event: 99.716 GC heap after
{Heap after GC invocations=69 (full 0):
 garbage-first heap   total 178176K, used 66719K [0x0000000703600000, 0x0000000800000000)
  region size 2048K, 1 young (2048K), 1 survivors (2048K)
 Metaspace       used 30843K, committed 31296K, reserved 1114112K
  class space    used 3895K, committed 4096K, reserved 1048576K
}
Event: 101.191 GC heap before
{Heap before GC invocations=69 (full 0):
 garbage-first heap   total 178176K, used 152735K [0x0000000703600000, 0x0000000800000000)
  region size 2048K, 44 young (90112K), 1 survivors (2048K)
 Metaspace       used 30908K, committed 31360K, reserved 1114112K
  class space    used 3907K, committed 4096K, reserved 1048576K
}
Event: 101.194 GC heap after
{Heap after GC invocations=70 (full 0):
 garbage-first heap   total 178176K, used 66480K [0x0000000703600000, 0x0000000800000000)
  region size 2048K, 1 young (2048K), 1 survivors (2048K)
 Metaspace       used 30908K, committed 31360K, reserved 1114112K
  class space    used 3907K, committed 4096K, reserved 1048576K
}
Event: 102.770 GC heap before
{Heap before GC invocations=70 (full 0):
 garbage-first heap   total 178176K, used 152496K [0x0000000703600000, 0x0000000800000000)
  region size 2048K, 44 young (90112K), 1 survivors (2048K)
 Metaspace       used 30920K, committed 31360K, reserved 1114112K
  class space    used 3907K, committed 4096K, reserved 1048576K
}
Event: 102.772 GC heap after
{Heap after GC invocations=71 (full 0):
 garbage-first heap   total 178176K, used 66468K [0x0000000703600000, 0x0000000800000000)
  region size 2048K, 1 young (2048K), 1 survivors (2048K)
 Metaspace       used 30920K, committed 31360K, reserved 1114112K
  class space    used 3907K, committed 4096K, reserved 1048576K
}
Event: 104.343 GC heap before
{Heap before GC invocations=71 (full 0):
 garbage-first heap   total 178176K, used 152484K [0x0000000703600000, 0x0000000800000000)
  region size 2048K, 44 young (90112K), 1 survivors (2048K)
 Metaspace       used 30921K, committed 31360K, reserved 1114112K
  class space    used 3907K, committed 4096K, reserved 1048576K
}
Event: 104.344 GC heap after
{Heap after GC invocations=72 (full 0):
 garbage-first heap   total 178176K, used 66483K [0x0000000703600000, 0x0000000800000000)
  region size 2048K, 1 young (2048K), 1 survivors (2048K)
 Metaspace       used 30921K, committed 31360K, reserved 1114112K
  class space    used 3907K, committed 4096K, reserved 1048576K
}
Event: 105.994 GC heap before
{Heap before GC invocations=72 (full 0):
 garbage-first heap   total 178176K, used 152499K [0x0000000703600000, 0x0000000800000000)
  region size 2048K, 44 young (90112K), 1 survivors (2048K)
 Metaspace       used 30944K, committed 31360K, reserved 1114112K
  class space    used 3908K, committed 4096K, reserved 1048576K
}
Event: 105.995 GC heap after
{Heap after GC invocations=73 (full 0):
 garbage-first heap   total 178176K, used 66497K [0x0000000703600000, 0x0000000800000000)
  region size 2048K, 1 young (2048K), 1 survivors (2048K)
 Metaspace       used 30944K, committed 31360K, reserved 1114112K
  class space    used 3908K, committed 4096K, reserved 1048576K
}
Event: 107.556 GC heap before
{Heap before GC invocations=73 (full 0):
 garbage-first heap   total 178176K, used 152513K [0x0000000703600000, 0x0000000800000000)
  region size 2048K, 44 young (90112K), 1 survivors (2048K)
 Metaspace       used 30977K, committed 31424K, reserved 1114112K
  class space    used 3908K, committed 4096K, reserved 1048576K
}
Event: 107.557 GC heap after
{Heap after GC invocations=74 (full 0):
 garbage-first heap   total 178176K, used 66572K [0x0000000703600000, 0x0000000800000000)
  region size 2048K, 1 young (2048K), 1 survivors (2048K)
 Metaspace       used 30977K, committed 31424K, reserved 1114112K
  class space    used 3908K, committed 4096K, reserved 1048576K
}

