# JRE version: Java(TM) SE Runtime Environment (19.0.1+10) (build 19.0.1+10-21)
# Java VM: Java HotSpot(TM) 64-Bit Server VM (19.0.1+10-21, mixed mode, sharing, tiered, compressed oops, compressed class ptrs, g1 gc, windows-amd64)
GC Precious Log:
 CardTable entry size: 512
 Card Set container configuration: InlinePtr #cards 4 size 8 Array Of Cards #cards 16 size 48 Howl #buckets 8 coarsen threshold 3686 Howl Bitmap #cards 512 size 80 coarsen threshold 460 Card regions per heap region 1 cards per card region 4096
 CPUs: 12 total, 12 available
 Memory: 16166M
 Large Page Support: Disabled
 NUMA Support: Disabled
 Compressed Oops: Enabled (Zero based)
 Heap Region Size: 2M
 Heap Min Capacity: 8M
 Heap Initial Capacity: 254M
 Heap Max Capacity: 4042M
 Pre-touch: Disabled
 Parallel Workers: 10
 Concurrent Workers: 3
 Concurrent Refinement Workers: 10
 Periodic GC: Disabled
Heap:
 garbage-first heap   total 131072K, used 92836K [0x0000000703600000, 0x0000000800000000)
  region size 2048K, 29 young (59392K), 3 survivors (6144K)
 Metaspace       used 27874K, committed 28288K, reserved 1114112K
  class space    used 3682K, committed 3840K, reserved 1048576K
GC Heap History (20 events):
Event: 0.710 GC heap before
{Heap before GC invocations=0 (full 0):
 garbage-first heap   total 260096K, used 22528K [0x0000000703600000, 0x0000000800000000)
  region size 2048K, 11 young (22528K), 0 survivors (0K)
 Metaspace       used 4281K, committed 4480K, reserved 1114112K
  class space    used 476K, committed 576K, reserved 1048576K
}
Event: 0.713 GC heap after
{Heap after GC invocations=1 (full 0):
 garbage-first heap   total 260096K, used 3466K [0x0000000703600000, 0x0000000800000000)
  region size 2048K, 2 young (4096K), 2 survivors (4096K)
 Metaspace       used 4281K, committed 4480K, reserved 1114112K
  class space    used 476K, committed 576K, reserved 1048576K
}
Event: 1.831 GC heap before
{Heap before GC invocations=1 (full 0):
 garbage-first heap   total 260096K, used 38282K [0x0000000703600000, 0x0000000800000000)
  region size 2048K, 20 young (40960K), 2 survivors (4096K)
 Metaspace       used 17577K, committed 17984K, reserved 1114112K
  class space    used 2313K, committed 2496K, reserved 1048576K
}
Event: 1.838 GC heap after
{Heap after GC invocations=2 (full 0):
 garbage-first heap   total 260096K, used 8444K [0x0000000703600000, 0x0000000800000000)
  region size 2048K, 3 young (6144K), 3 survivors (6144K)
 Metaspace       used 17577K, committed 17984K, reserved 1114112K
  class space    used 2313K, committed 2496K, reserved 1048576K
}
Event: 2.448 GC heap before
{Heap before GC invocations=2 (full 0):
 garbage-first heap   total 260096K, used 45308K [0x0000000703600000, 0x0000000800000000)
  region size 2048K, 13 young (26624K), 3 survivors (6144K)
 Metaspace       used 21116K, committed 21504K, reserved 1114112K
  class space    used 3062K, committed 3264K, reserved 1048576K
}
Event: 2.455 GC heap after
{Heap after GC invocations=3 (full 0):
 garbage-first heap   total 260096K, used 32857K [0x0000000703600000, 0x0000000800000000)
  region size 2048K, 5 young (10240K), 5 survivors (10240K)
 Metaspace       used 21116K, committed 21504K, reserved 1114112K
  class space    used 3062K, committed 3264K, reserved 1048576K
}
Event: 7.620 GC heap before
{Heap before GC invocations=4 (full 0):
 garbage-first heap   total 131072K, used 102489K [0x0000000703600000, 0x0000000800000000)
  region size 2048K, 38 young (77824K), 5 survivors (10240K)
 Metaspace       used 27401K, committed 27776K, reserved 1114112K
  class space    used 3680K, committed 3840K, reserved 1048576K
}
Event: 7.632 GC heap after
{Heap after GC invocations=5 (full 0):
 garbage-first heap   total 131072K, used 40971K [0x0000000703600000, 0x0000000800000000)
  region size 2048K, 5 young (10240K), 5 survivors (10240K)
 Metaspace       used 27401K, committed 27776K, reserved 1114112K
  class space    used 3680K, committed 3840K, reserved 1048576K
}
Event: 7.634 GC heap before
{Heap before GC invocations=5 (full 0):
 garbage-first heap   total 131072K, used 43019K [0x0000000703600000, 0x0000000800000000)
  region size 2048K, 6 young (12288K), 5 survivors (10240K)
 Metaspace       used 27403K, committed 27776K, reserved 1114112K
  class space    used 3680K, committed 3840K, reserved 1048576K
}
Event: 7.641 GC heap after
{Heap after GC invocations=6 (full 0):
 garbage-first heap   total 131072K, used 39986K [0x0000000703600000, 0x0000000800000000)
  region size 2048K, 1 young (2048K), 1 survivors (2048K)
 Metaspace       used 27403K, committed 27776K, reserved 1114112K
  class space    used 3680K, committed 3840K, reserved 1048576K
}
Event: 8.519 GC heap before
{Heap before GC invocations=6 (full 0):
 garbage-first heap   total 131072K, used 91186K [0x0000000703600000, 0x0000000800000000)
  region size 2048K, 27 young (55296K), 1 survivors (2048K)
 Metaspace       used 27538K, committed 27904K, reserved 1114112K
  class space    used 3680K, committed 3840K, reserved 1048576K
}
Event: 8.521 GC heap after
{Heap after GC invocations=7 (full 0):
 garbage-first heap   total 131072K, used 43684K [0x0000000703600000, 0x0000000800000000)
  region size 2048K, 3 young (6144K), 3 survivors (6144K)
 Metaspace       used 27538K, committed 27904K, reserved 1114112K
  class space    used 3680K, committed 3840K, reserved 1048576K
}
Event: 9.364 GC heap before
{Heap before GC invocations=7 (full 0):
 garbage-first heap   total 131072K, used 94884K [0x0000000703600000, 0x0000000800000000)
  region size 2048K, 29 young (59392K), 3 survivors (6144K)
 Metaspace       used 27634K, committed 27968K, reserved 1114112K
  class space    used 3681K, committed 3840K, reserved 1048576K
}
Event: 9.366 GC heap after
{Heap after GC invocations=8 (full 0):
 garbage-first heap   total 131072K, used 43684K [0x0000000703600000, 0x0000000800000000)
  region size 2048K, 3 young (6144K), 3 survivors (6144K)
 Metaspace       used 27634K, committed 27968K, reserved 1114112K
  class space    used 3681K, committed 3840K, reserved 1048576K
}
Event: 10.305 GC heap before
{Heap before GC invocations=8 (full 0):
 garbage-first heap   total 131072K, used 98980K [0x0000000703600000, 0x0000000800000000)
  region size 2048K, 31 young (63488K), 3 survivors (6144K)
 Metaspace       used 27743K, committed 28096K, reserved 1114112K
  class space    used 3682K, committed 3840K, reserved 1048576K
}
Event: 10.308 GC heap after
{Heap after GC invocations=9 (full 0):
 garbage-first heap   total 131072K, used 40552K [0x0000000703600000, 0x0000000800000000)
  region size 2048K, 1 young (2048K), 1 survivors (2048K)
 Metaspace       used 27743K, committed 28096K, reserved 1114112K
  class space    used 3682K, committed 3840K, reserved 1048576K
}
Event: 11.311 GC heap before
{Heap before GC invocations=9 (full 0):
 garbage-first heap   total 131072K, used 101992K [0x0000000703600000, 0x0000000800000000)
  region size 2048K, 32 young (65536K), 1 survivors (2048K)
 Metaspace       used 27816K, committed 28224K, reserved 1114112K
  class space    used 3682K, committed 3840K, reserved 1048576K
}
Event: 11.313 GC heap after
{Heap after GC invocations=10 (full 0):
 garbage-first heap   total 131072K, used 40554K [0x0000000703600000, 0x0000000800000000)
  region size 2048K, 1 young (2048K), 1 survivors (2048K)
 Metaspace       used 27816K, committed 28224K, reserved 1114112K
  class space    used 3682K, committed 3840K, reserved 1048576K
}
Event: 12.352 GC heap before
{Heap before GC invocations=10 (full 0):
 garbage-first heap   total 131072K, used 104042K [0x0000000703600000, 0x0000000800000000)
  region size 2048K, 33 young (67584K), 1 survivors (2048K)
 Metaspace       used 27843K, committed 28224K, reserved 1114112K
  class space    used 3682K, committed 3840K, reserved 1048576K
}
Event: 12.355 GC heap after
{Heap after GC invocations=11 (full 0):
 garbage-first heap   total 131072K, used 43684K [0x0000000703600000, 0x0000000800000000)
  region size 2048K, 3 young (6144K), 3 survivors (6144K)
 Metaspace       used 27843K, committed 28224K, reserved 1114112K
  class space    used 3682K, committed 3840K, reserved 1048576K
}

