# JRE version: Java(TM) SE Runtime Environment (19.0.1+10) (build 19.0.1+10-21)
# Java VM: Java HotSpot(TM) 64-Bit Server VM (19.0.1+10-21, mixed mode, sharing, tiered, compressed oops, compressed class ptrs, g1 gc, windows-amd64)
GC Precious Log:
 CardTable entry size: 512
 Card Set container configuration: InlinePtr #cards 4 size 8 Array Of Cards #cards 16 size 48 Howl #buckets 8 coarsen threshold 3686 Howl Bitmap #cards 512 size 80 coarsen threshold 460 Card regions per heap region 1 cards per card region 4096
 CPUs: 12 total, 12 available
 Memory: 16166M
 Large Page Support: Disabled
 NUMA Support: Disabled
 Compressed Oops: Enabled (Zero based)
 Heap Region Size: 2M
 Heap Min Capacity: 8M
 Heap Initial Capacity: 254M
 Heap Max Capacity: 4042M
 Pre-touch: Disabled
 Parallel Workers: 10
 Concurrent Workers: 3
 Concurrent Refinement Workers: 10
 Periodic GC: Disabled
Heap:
 garbage-first heap   total 178176K, used 109692K [0x0000000703600000, 0x0000000800000000)
  region size 2048K, 26 young (53248K), 1 survivors (2048K)
 Metaspace       used 28882K, committed 29376K, reserved 1114112K
  class space    used 3658K, committed 3904K, reserved 1048576K
GC Heap History (20 events):
Event: 156.014 GC heap before
{Heap before GC invocations=104 (full 0):
 garbage-first heap   total 178176K, used 150578K [0x0000000703600000, 0x0000000800000000)
  region size 2048K, 45 young (92160K), 1 survivors (2048K)
 Metaspace       used 28832K, committed 29248K, reserved 1114112K
  class space    used 3653K, committed 3840K, reserved 1048576K
}
Event: 156.017 GC heap after
{Heap after GC invocations=105 (full 0):
 garbage-first heap   total 178176K, used 62516K [0x0000000703600000, 0x0000000800000000)
  region size 2048K, 1 young (2048K), 1 survivors (2048K)
 Metaspace       used 28832K, committed 29248K, reserved 1114112K
  class space    used 3653K, committed 3840K, reserved 1048576K
}
Event: 157.503 GC heap before
{Heap before GC invocations=105 (full 0):
 garbage-first heap   total 178176K, used 150580K [0x0000000703600000, 0x0000000800000000)
  region size 2048K, 45 young (92160K), 1 survivors (2048K)
 Metaspace       used 28832K, committed 29248K, reserved 1114112K
  class space    used 3653K, committed 3840K, reserved 1048576K
}
Event: 157.505 GC heap after
{Heap after GC invocations=106 (full 0):
 garbage-first heap   total 178176K, used 62516K [0x0000000703600000, 0x0000000800000000)
  region size 2048K, 1 young (2048K), 1 survivors (2048K)
 Metaspace       used 28832K, committed 29248K, reserved 1114112K
  class space    used 3653K, committed 3840K, reserved 1048576K
}
Event: 158.969 GC heap before
{Heap before GC invocations=106 (full 0):
 garbage-first heap   total 178176K, used 150580K [0x0000000703600000, 0x0000000800000000)
  region size 2048K, 45 young (92160K), 1 survivors (2048K)
 Metaspace       used 28832K, committed 29248K, reserved 1114112K
  class space    used 3653K, committed 3840K, reserved 1048576K
}
Event: 158.970 GC heap after
{Heap after GC invocations=107 (full 0):
 garbage-first heap   total 178176K, used 62516K [0x0000000703600000, 0x0000000800000000)
  region size 2048K, 1 young (2048K), 1 survivors (2048K)
 Metaspace       used 28832K, committed 29248K, reserved 1114112K
  class space    used 3653K, committed 3840K, reserved 1048576K
}
Event: 160.451 GC heap before
{Heap before GC invocations=107 (full 0):
 garbage-first heap   total 178176K, used 150580K [0x0000000703600000, 0x0000000800000000)
  region size 2048K, 45 young (92160K), 1 survivors (2048K)
 Metaspace       used 28832K, committed 29248K, reserved 1114112K
  class space    used 3653K, committed 3840K, reserved 1048576K
}
Event: 160.452 GC heap after
{Heap after GC invocations=108 (full 0):
 garbage-first heap   total 178176K, used 62514K [0x0000000703600000, 0x0000000800000000)
  region size 2048K, 1 young (2048K), 1 survivors (2048K)
 Metaspace       used 28832K, committed 29248K, reserved 1114112K
  class space    used 3653K, committed 3840K, reserved 1048576K
}
Event: 161.951 GC heap before
{Heap before GC invocations=108 (full 0):
 garbage-first heap   total 178176K, used 150578K [0x0000000703600000, 0x0000000800000000)
  region size 2048K, 45 young (92160K), 1 survivors (2048K)
 Metaspace       used 28832K, committed 29248K, reserved 1114112K
  class space    used 3653K, committed 3840K, reserved 1048576K
}
Event: 161.953 GC heap after
{Heap after GC invocations=109 (full 0):
 garbage-first heap   total 178176K, used 62518K [0x0000000703600000, 0x0000000800000000)
  region size 2048K, 1 young (2048K), 1 survivors (2048K)
 Metaspace       used 28832K, committed 29248K, reserved 1114112K
  class space    used 3653K, committed 3840K, reserved 1048576K
}
Event: 163.442 GC heap before
{Heap before GC invocations=109 (full 0):
 garbage-first heap   total 178176K, used 150582K [0x0000000703600000, 0x0000000800000000)
  region size 2048K, 45 young (92160K), 1 survivors (2048K)
 Metaspace       used 28832K, committed 29248K, reserved 1114112K
  class space    used 3653K, committed 3840K, reserved 1048576K
}
Event: 163.444 GC heap after
{Heap after GC invocations=110 (full 0):
 garbage-first heap   total 178176K, used 62512K [0x0000000703600000, 0x0000000800000000)
  region size 2048K, 1 young (2048K), 1 survivors (2048K)
 Metaspace       used 28832K, committed 29248K, reserved 1114112K
  class space    used 3653K, committed 3840K, reserved 1048576K
}
Event: 164.930 GC heap before
{Heap before GC invocations=110 (full 0):
 garbage-first heap   total 178176K, used 150576K [0x0000000703600000, 0x0000000800000000)
  region size 2048K, 45 young (92160K), 1 survivors (2048K)
 Metaspace       used 28834K, committed 29248K, reserved 1114112K
  class space    used 3653K, committed 3840K, reserved 1048576K
}
Event: 164.933 GC heap after
{Heap after GC invocations=111 (full 0):
 garbage-first heap   total 178176K, used 62518K [0x0000000703600000, 0x0000000800000000)
  region size 2048K, 1 young (2048K), 1 survivors (2048K)
 Metaspace       used 28834K, committed 29248K, reserved 1114112K
  class space    used 3653K, committed 3840K, reserved 1048576K
}
Event: 166.418 GC heap before
{Heap before GC invocations=111 (full 0):
 garbage-first heap   total 178176K, used 150582K [0x0000000703600000, 0x0000000800000000)
  region size 2048K, 45 young (92160K), 1 survivors (2048K)
 Metaspace       used 28834K, committed 29248K, reserved 1114112K
  class space    used 3653K, committed 3840K, reserved 1048576K
}
Event: 166.420 GC heap after
{Heap after GC invocations=112 (full 0):
 garbage-first heap   total 178176K, used 62522K [0x0000000703600000, 0x0000000800000000)
  region size 2048K, 1 young (2048K), 1 survivors (2048K)
 Metaspace       used 28834K, committed 29248K, reserved 1114112K
  class space    used 3653K, committed 3840K, reserved 1048576K
}
Event: 167.893 GC heap before
{Heap before GC invocations=112 (full 0):
 garbage-first heap   total 178176K, used 150586K [0x0000000703600000, 0x0000000800000000)
  region size 2048K, 45 young (92160K), 1 survivors (2048K)
 Metaspace       used 28836K, committed 29248K, reserved 1114112K
  class space    used 3653K, committed 3840K, reserved 1048576K
}
Event: 167.895 GC heap after
{Heap after GC invocations=113 (full 0):
 garbage-first heap   total 178176K, used 62529K [0x0000000703600000, 0x0000000800000000)
  region size 2048K, 1 young (2048K), 1 survivors (2048K)
 Metaspace       used 28836K, committed 29248K, reserved 1114112K
  class space    used 3653K, committed 3840K, reserved 1048576K
}
Event: 169.353 GC heap before
{Heap before GC invocations=113 (full 0):
 garbage-first heap   total 178176K, used 150593K [0x0000000703600000, 0x0000000800000000)
  region size 2048K, 45 young (92160K), 1 survivors (2048K)
 Metaspace       used 28871K, committed 29312K, reserved 1114112K
  class space    used 3658K, committed 3904K, reserved 1048576K
}
Event: 169.354 GC heap after
{Heap after GC invocations=114 (full 0):
 garbage-first heap   total 178176K, used 62588K [0x0000000703600000, 0x0000000800000000)
  region size 2048K, 1 young (2048K), 1 survivors (2048K)
 Metaspace       used 28871K, committed 29312K, reserved 1114112K
  class space    used 3658K, committed 3904K, reserved 1048576K
}

